<?xml version="1.0" encoding="UTF-8"?>
<testng-results ignored="0" total="1" passed="1" failed="0" skipped="0">
  <reporter-output>
  </reporter-output>
  <suite started-at="2022-11-05T10:25:17 IST" name="Default suite" finished-at="2022-11-05T10:25:24 IST" duration-ms="6844">
    <groups>
    </groups>
    <test started-at="2022-11-05T10:25:17 IST" name="Default test" finished-at="2022-11-05T10:25:24 IST" duration-ms="6844">
      <class name="authentication.BasicAuth">
        <test-method signature="basic()[pri:0, instance:authentication.BasicAuth@54c562f7]" started-at="2022-11-05T10:25:17 IST" name="basic" finished-at="2022-11-05T10:25:24 IST" duration-ms="6806" status="PASS">
          <reporter-output>
          </reporter-output>
        </test-method> <!-- basic -->
      </class> <!-- authentication.BasicAuth -->
    </test> <!-- Default test -->
  </suite> <!-- Default suite -->
</testng-results>
