<?xml version="1.0" encoding="UTF-8"?>
<testng-results ignored="0" total="1" passed="1" failed="0" skipped="0">
  <reporter-output>
  </reporter-output>
  <suite started-at="2022-11-05T11:42:28 IST" name="Default suite" finished-at="2022-11-05T11:42:32 IST" duration-ms="3407">
    <groups>
    </groups>
    <test started-at="2022-11-05T11:42:28 IST" name="Default test" finished-at="2022-11-05T11:42:32 IST" duration-ms="3407">
      <class name="Curd_Methods.PostMethod">
        <test-method signature="postMethod1()[pri:0, instance:Curd_Methods.PostMethod@54c562f7]" started-at="2022-11-05T11:42:28 IST" name="postMethod1" finished-at="2022-11-05T11:42:32 IST" duration-ms="3361" status="PASS">
          <reporter-output>
          </reporter-output>
        </test-method> <!-- postMethod1 -->
      </class> <!-- Curd_Methods.PostMethod -->
    </test> <!-- Default test -->
  </suite> <!-- Default suite -->
</testng-results>
